-------------------------------------------------------------------------------->8
-------------------------------------------------------------------------------->8
[2024-03-28T07:06:15.245900509Z][docker-desktop-user-distro][I] syncContextStores <HOME>/.docker/contexts <-> /mnt/c/Users/h564054/.docker/contexts
[2024-03-28T07:06:15.251485593Z][docker-desktop-user-distro][I] syncContextStores <HOME>/.docker/contexts <-> /mnt/c/Users/h564054/.docker/contexts os.Symlink <HOME>/.docker/contexts -> /mnt/c/Users/h564054/.docker/contexts
-------------------------------------------------------------------------------->8
-------------------------------------------------------------------------------->8
[2024-03-28T07:06:15.842295432Z][docker-desktop-user-distro][I] linkPathToWindows windowsPath = /mnt/c/Users/h564054/.aws, linkPath = <HOME>/.aws
-------------------------------------------------------------------------------->8
-------------------------------------------------------------------------------->8
[2024-03-28T07:06:16.488730727Z][docker-desktop-user-distro][I] linkPathToWindows windowsPath = /mnt/c/Users/h564054/.azure, linkPath = <HOME>/.azure
-------------------------------------------------------------------------------->8
-------------------------------------------------------------------------------->8
[2024-03-28T07:06:17.240089597Z][docker-desktop-user-distro][I] linkPathToWindows windowsPath = /mnt/c/Users/h564054/.docker/features.json, linkPath = ~/.docker/features.json
-------------------------------------------------------------------------------->8
-------------------------------------------------------------------------------->8
[2024-03-29T05:26:53.402035836Z][docker-desktop-user-distro][I] syncContextStores <HOME>/.docker/contexts <-> /mnt/c/Users/h564054/.docker/contexts
[2024-03-29T05:26:53.407275825Z][docker-desktop-user-distro][I] syncContextStores <HOME>/.docker/contexts <-> /mnt/c/Users/h564054/.docker/contexts: syncNoop
-------------------------------------------------------------------------------->8
-------------------------------------------------------------------------------->8
[2024-03-29T05:26:54.144480314Z][docker-desktop-user-distro][I] linkPathToWindows windowsPath = /mnt/c/Users/h564054/.aws, linkPath = <HOME>/.aws
[2024-03-29T05:26:54.147821529Z][docker-desktop-user-distro][I] no need to symlink <HOME>/.aws to /mnt/c/Users/h564054/.aws: they are the same path already
-------------------------------------------------------------------------------->8
-------------------------------------------------------------------------------->8
[2024-03-29T05:26:55.279368128Z][docker-desktop-user-distro][I] linkPathToWindows windowsPath = /mnt/c/Users/h564054/.azure, linkPath = <HOME>/.azure
[2024-03-29T05:26:55.281928530Z][docker-desktop-user-distro][I] no need to symlink <HOME>/.azure to /mnt/c/Users/h564054/.azure: they are the same path already
-------------------------------------------------------------------------------->8
-------------------------------------------------------------------------------->8
[2024-03-29T05:26:55.853543046Z][docker-desktop-user-distro][I] linkPathToWindows windowsPath = /mnt/c/Users/h564054/.docker/features.json, linkPath = ~/.docker/features.json
