0 verbose cli /home/poojasharma/.nvm/versions/node/v18.20.0/bin/node /home/poojasharma/.nvm/versions/node/v18.20.0/bin/npm
1 info using npm@10.5.0
2 info using node@v18.20.0
3 timing npm:load:whichnode Completed in 0ms
4 timing config:load:defaults Completed in 0ms
5 timing config:load:file:/home/poojasharma/.nvm/versions/node/v18.20.0/lib/node_modules/npm/npmrc Completed in 1ms
6 timing config:load:builtin Completed in 1ms
7 timing config:load:cli Completed in 1ms
8 timing config:load:env Completed in 1ms
9 timing config:load:file:/home/poojasharma/react-docker-poc/.npmrc Completed in 0ms
10 timing config:load:project Completed in 3ms
11 timing config:load:file:/home/poojasharma/.npmrc Completed in 0ms
12 timing config:load:user Completed in 0ms
13 timing config:load:file:/home/poojasharma/.nvm/versions/node/v18.20.0/etc/npmrc Completed in 0ms
14 timing config:load:global Completed in 0ms
15 timing config:load:setEnvs Completed in 0ms
16 timing config:load Completed in 7ms
17 timing npm:load:configload Completed in 8ms
18 timing config:load:flatten Completed in 1ms
19 timing npm:load:mkdirpcache Completed in 0ms
20 timing npm:load:mkdirplogs Completed in 0ms
21 verbose title npm install @testing-library/jest-dom@^5.14.1 @testing-library/react@^13.0.0 @testing-library/user-event@^13.2.1 web-vitals@^2.1.0
22 verbose argv "install" "--no-audit" "--save" "@testing-library/jest-dom@^5.14.1" "@testing-library/react@^13.0.0" "@testing-library/user-event@^13.2.1" "web-vitals@^2.1.0"
23 timing npm:load:setTitle Completed in 0ms
24 timing npm:load:display Completed in 0ms
25 verbose logfile logs-max:10 dir:/home/poojasharma/.npm/_logs/2024-03-27T10_43_09_897Z-
26 verbose logfile /home/poojasharma/.npm/_logs/2024-03-27T10_43_09_897Z-debug-0.log
27 timing npm:load:logFile Completed in 4ms
28 timing npm:load:timers Completed in 0ms
29 timing npm:load:configScope Completed in 0ms
30 timing npm:load Completed in 20ms
31 timing arborist:ctor Completed in 0ms
32 silly logfile done cleaning log files
33 timing idealTree:init Completed in 356ms
34 timing idealTree:userRequests Completed in 1ms
35 silly idealTree buildDeps
36 silly fetch manifest @testing-library/jest-dom@^5.14.1
37 timing arborist:ctor Completed in 1ms
38 http fetch GET 200 https://registry.npmjs.org/@testing-library%2fjest-dom 445ms (cache miss)
39 silly fetch manifest @testing-library/react@^13.0.0
40 http fetch GET 200 https://registry.npmjs.org/@testing-library%2freact 213ms (cache miss)
41 silly fetch manifest react@^18.2.0
42 http fetch GET 200 https://registry.npmjs.org/react 20ms (cache hit)
43 silly fetch manifest react-dom@^18.2.0
44 http fetch GET 200 https://registry.npmjs.org/react-dom 14ms (cache hit)
45 silly fetch manifest @testing-library/user-event@^13.2.1
46 http fetch GET 200 https://registry.npmjs.org/@testing-library%2fuser-event 180ms (cache miss)
47 silly fetch manifest @testing-library/dom@>=7.21.4
48 http fetch GET 200 https://registry.npmjs.org/@testing-library%2fdom 220ms (cache miss)
49 silly fetch manifest web-vitals@^2.1.0
50 http fetch GET 200 https://registry.npmjs.org/web-vitals 150ms (cache miss)
51 silly placeDep ROOT @testing-library/jest-dom@5.17.0 OK for: react-docker-poc@0.1.0 want: ^5.14.1
52 silly placeDep ROOT @testing-library/react@13.4.0 OK for: react-docker-poc@0.1.0 want: ^13.0.0
53 silly placeDep ROOT @testing-library/user-event@13.5.0 OK for: react-docker-poc@0.1.0 want: ^13.2.1
54 silly placeDep ROOT @testing-library/dom@9.3.4 OK for: @testing-library/user-event@13.5.0 want: >=7.21.4
55 silly placeDep ROOT web-vitals@2.1.4 OK for: react-docker-poc@0.1.0 want: ^2.1.0
56 silly fetch manifest @types/testing-library__jest-dom@^5.9.1
57 silly fetch manifest chalk@^3.0.0
58 silly fetch manifest @adobe/css-tools@^4.0.1
59 silly fetch manifest css.escape@^1.5.1
60 silly fetch manifest dom-accessibility-api@^0.5.6
61 silly fetch manifest redent@^3.0.0
62 silly fetch manifest @testing-library/dom@^8.5.0
63 silly fetch manifest @types/react-dom@^18.0.0
64 silly fetch manifest @types/aria-query@^5.0.1
65 silly fetch manifest aria-query@5.1.3
66 silly fetch manifest chalk@^4.1.0
67 silly fetch manifest dom-accessibility-api@^0.5.9
68 http fetch GET 200 https://registry.npmjs.org/aria-query 25ms (cache hit)
69 silly fetch manifest lz-string@^1.5.0
70 http fetch GET 200 https://registry.npmjs.org/chalk 28ms (cache hit)
71 http fetch GET 200 https://registry.npmjs.org/chalk 33ms (cache hit)
72 http fetch GET 200 https://registry.npmjs.org/@types%2ftesting-library__jest-dom 136ms (cache miss)
73 http fetch GET 200 https://registry.npmjs.org/redent 200ms (cache miss)
74 http fetch GET 200 https://registry.npmjs.org/dom-accessibility-api 245ms (cache miss)
75 http fetch GET 200 https://registry.npmjs.org/lz-string 218ms (cache miss)
76 http fetch GET 200 https://registry.npmjs.org/dom-accessibility-api 238ms (cache miss)
77 http fetch GET 200 https://registry.npmjs.org/@types%2faria-query 263ms (cache miss)
78 http fetch GET 200 https://registry.npmjs.org/css.escape 265ms (cache miss)
79 http fetch GET 200 https://registry.npmjs.org/@types%2freact-dom 294ms (cache miss)
80 http fetch GET 200 https://registry.npmjs.org/@adobe%2fcss-tools 328ms (cache miss)
81 timing idealTree:#root Completed in 1698ms
82 silly placeDep ROOT @types/aria-query@5.0.4 OK for: @testing-library/dom@9.3.4 want: ^5.0.1
83 silly placeDep node_modules/@testing-library/dom aria-query@5.1.3 OK for: @testing-library/dom@9.3.4 want: 5.1.3
84 silly placeDep node_modules/@testing-library/dom chalk@4.1.2 OK for: @testing-library/dom@9.3.4 want: ^4.1.0
85 silly placeDep ROOT dom-accessibility-api@0.5.16 OK for: @testing-library/dom@9.3.4 want: ^0.5.9
86 silly placeDep ROOT lz-string@1.5.0 OK for: @testing-library/dom@9.3.4 want: ^1.5.0
87 silly fetch manifest deep-equal@^2.0.5
88 silly fetch manifest ansi-styles@^4.1.0
89 silly fetch manifest supports-color@^7.1.0
90 http fetch GET 200 https://registry.npmjs.org/ansi-styles 4ms (cache hit)
91 http fetch GET 200 https://registry.npmjs.org/supports-color 5ms (cache hit)
92 http fetch GET 200 https://registry.npmjs.org/deep-equal 55ms (cache miss)
93 timing idealTree:node_modules/@testing-library/dom Completed in 63ms
94 silly placeDep ROOT @adobe/css-tools@4.3.3 OK for: @testing-library/jest-dom@5.17.0 want: ^4.0.1
95 silly placeDep ROOT @types/testing-library__jest-dom@5.14.9 OK for: @testing-library/jest-dom@5.17.0 want: ^5.9.1
96 silly placeDep node_modules/@testing-library/jest-dom chalk@3.0.0 OK for: @testing-library/jest-dom@5.17.0 want: ^3.0.0
97 silly placeDep ROOT css.escape@1.5.1 OK for: @testing-library/jest-dom@5.17.0 want: ^1.5.1
98 silly placeDep ROOT redent@3.0.0 OK for: @testing-library/jest-dom@5.17.0 want: ^3.0.0
99 silly fetch manifest @types/jest@*
100 silly fetch manifest indent-string@^4.0.0
101 silly fetch manifest strip-indent@^3.0.0
102 http fetch GET 200 https://registry.npmjs.org/indent-string 77ms (cache miss)
103 http fetch GET 200 https://registry.npmjs.org/strip-indent 77ms (cache miss)
104 http fetch GET 200 https://registry.npmjs.org/@types%2fjest 183ms (cache miss)
105 timing idealTree:node_modules/@testing-library/jest-dom Completed in 194ms
106 timing idealTree:node_modules/@adobe/css-tools Completed in 0ms
107 silly placeDep node_modules/@testing-library/react @testing-library/dom@8.20.1 OK for: @testing-library/react@13.4.0 want: ^8.5.0
108 silly placeDep ROOT @types/react-dom@18.2.22 OK for: @testing-library/react@13.4.0 want: ^18.0.0
109 silly fetch manifest @types/react@*
110 http fetch GET 200 https://registry.npmjs.org/@types%2freact 182ms (cache miss)
111 timing idealTree:node_modules/@testing-library/react Completed in 205ms
112 timing idealTree:node_modules/@testing-library/user-event Completed in 0ms
113 timing idealTree:node_modules/@types/aria-query Completed in 0ms
114 silly placeDep ROOT @types/react@18.2.72 OK for: @types/react-dom@18.2.22 want: *
115 silly fetch manifest @types/prop-types@*
116 silly fetch manifest csstype@^3.0.2
117 http fetch GET 200 https://registry.npmjs.org/@types%2fprop-types 120ms (cache miss)
118 http fetch GET 200 https://registry.npmjs.org/csstype 135ms (cache miss)
119 timing idealTree:node_modules/@types/react-dom Completed in 140ms
120 silly placeDep ROOT @types/prop-types@15.7.12 OK for: @types/react@18.2.72 want: *
121 silly placeDep ROOT csstype@3.1.3 OK for: @types/react@18.2.72 want: ^3.0.2
122 timing idealTree:node_modules/@types/react Completed in 3ms
123 timing idealTree:node_modules/@types/prop-types Completed in 0ms
124 silly placeDep ROOT @types/jest@29.5.12 OK for: @types/testing-library__jest-dom@5.14.9 want: *
125 silly fetch manifest expect@^29.0.0
126 silly fetch manifest pretty-format@^29.0.0
127 http fetch GET 200 https://registry.npmjs.org/expect 5ms (cache hit)
128 http fetch GET 200 https://registry.npmjs.org/pretty-format 10ms (cache hit)
129 timing idealTree:node_modules/@types/testing-library__jest-dom Completed in 16ms
130 silly placeDep node_modules/@types/jest expect@29.7.0 OK for: @types/jest@29.5.12 want: ^29.0.0
131 silly placeDep node_modules/@types/jest pretty-format@29.7.0 OK for: @types/jest@29.5.12 want: ^29.0.0
132 silly fetch manifest @jest/expect-utils@^29.7.0
133 silly fetch manifest jest-get-type@^29.6.3
134 silly fetch manifest jest-matcher-utils@^29.7.0
135 silly fetch manifest jest-message-util@^29.7.0
136 silly fetch manifest jest-util@^29.7.0
137 silly fetch manifest @jest/schemas@^29.6.3
138 silly fetch manifest ansi-styles@^5.0.0
139 silly fetch manifest react-is@^18.0.0
140 http fetch GET 200 https://registry.npmjs.org/jest-matcher-utils 9ms (cache hit)
141 http fetch GET 200 https://registry.npmjs.org/jest-message-util 11ms (cache hit)
142 http fetch GET 200 https://registry.npmjs.org/jest-get-type 17ms (cache hit)
143 http fetch GET 200 https://registry.npmjs.org/jest-util 14ms (cache hit)
144 http fetch GET 200 https://registry.npmjs.org/@jest%2fschemas 16ms (cache hit)
145 http fetch GET 200 https://registry.npmjs.org/react-is 23ms (cache hit)
146 http fetch GET 200 https://registry.npmjs.org/@jest%2fexpect-utils 156ms (cache miss)
147 timing idealTree:node_modules/@types/jest Completed in 160ms
148 timing idealTree:node_modules/css.escape Completed in 0ms
149 timing idealTree:node_modules/csstype Completed in 0ms
150 timing idealTree:node_modules/dom-accessibility-api Completed in 0ms
151 timing idealTree:node_modules/lz-string Completed in 0ms
152 silly fetch manifest typescript@^3.2.1 || ^4
153 http fetch GET 200 https://registry.npmjs.org/typescript 35ms (cache hit)
154 silly placeDep ROOT typescript@4.9.5 REPLACE for: react-scripts@5.0.1 want: ^3.2.1 || ^4
155 timing idealTree:node_modules/react-scripts Completed in 144ms
156 silly placeDep ROOT indent-string@4.0.0 OK for: redent@3.0.0 want: ^4.0.0
157 silly placeDep ROOT strip-indent@3.0.0 OK for: redent@3.0.0 want: ^3.0.0
158 silly fetch manifest min-indent@^1.0.0
159 http fetch GET 200 https://registry.npmjs.org/min-indent 60ms (cache miss)
160 timing idealTree:node_modules/redent Completed in 63ms
161 timing idealTree:node_modules/indent-string Completed in 0ms
162 silly placeDep ROOT min-indent@1.0.1 OK for: strip-indent@3.0.0 want: ^1.0.0
163 timing idealTree:node_modules/strip-indent Completed in 1ms
164 timing idealTree:node_modules/min-indent Completed in 0ms
165 timing idealTree:node_modules/typescript Completed in 0ms
166 timing idealTree:node_modules/web-vitals Completed in 0ms
167 silly placeDep ROOT deep-equal@2.2.3 OK for: aria-query@5.1.3 want: ^2.0.5
168 silly fetch manifest es-get-iterator@^1.1.3
169 silly fetch manifest is-arguments@^1.1.1
170 silly fetch manifest object-is@^1.1.5
171 http fetch GET 200 https://registry.npmjs.org/es-get-iterator 79ms (cache miss)
172 http fetch GET 200 https://registry.npmjs.org/is-arguments 113ms (cache miss)
173 http fetch GET 200 https://registry.npmjs.org/object-is 342ms (cache miss)
174 timing idealTree:node_modules/@testing-library/dom/node_modules/aria-query Completed in 347ms
175 silly placeDep ROOT es-get-iterator@1.1.3 OK for: deep-equal@2.2.3 want: ^1.1.3
176 silly placeDep ROOT is-arguments@1.1.1 OK for: deep-equal@2.2.3 want: ^1.1.1
177 silly placeDep ROOT object-is@1.1.6 OK for: deep-equal@2.2.3 want: ^1.1.5
178 silly fetch manifest stop-iteration-iterator@^1.0.0
179 http fetch GET 200 https://registry.npmjs.org/stop-iteration-iterator 1185ms (cache miss)
180 timing idealTree:node_modules/deep-equal Completed in 1200ms
181 silly placeDep ROOT stop-iteration-iterator@1.0.0 OK for: es-get-iterator@1.1.3 want: ^1.0.0
182 timing idealTree:node_modules/es-get-iterator Completed in 3ms
183 timing idealTree:node_modules/is-arguments Completed in 0ms
184 timing idealTree:node_modules/object-is Completed in 0ms
185 timing idealTree:node_modules/stop-iteration-iterator Completed in 0ms
186 silly placeDep node_modules/@testing-library/dom ansi-styles@4.3.0 OK for: chalk@4.1.2 want: ^4.1.0
187 silly placeDep node_modules/@testing-library/dom supports-color@7.2.0 OK for: chalk@4.1.2 want: ^7.1.0
188 silly fetch manifest color-convert@^2.0.1
189 silly fetch manifest has-flag@^4.0.0
190 http fetch GET 200 https://registry.npmjs.org/has-flag 6ms (cache hit)
191 http fetch GET 200 https://registry.npmjs.org/color-convert 6ms (cache hit)
192 timing idealTree:node_modules/@testing-library/dom/node_modules/chalk Completed in 12ms
193 silly placeDep node_modules/@testing-library/dom color-convert@2.0.1 OK for: ansi-styles@4.3.0 want: ^2.0.1
194 silly fetch manifest color-name@~1.1.4
195 http fetch GET 200 https://registry.npmjs.org/color-name 2ms (cache hit)
196 timing idealTree:node_modules/@testing-library/dom/node_modules/ansi-styles Completed in 4ms
197 silly placeDep node_modules/@testing-library/dom color-name@1.1.4 OK for: color-convert@2.0.1 want: ~1.1.4
198 timing idealTree:node_modules/@testing-library/dom/node_modules/color-convert Completed in 1ms
199 timing idealTree:node_modules/@testing-library/dom/node_modules/color-name Completed in 0ms
200 silly placeDep node_modules/@testing-library/dom has-flag@4.0.0 OK for: supports-color@7.2.0 want: ^4.0.0
201 timing idealTree:node_modules/@testing-library/dom/node_modules/supports-color Completed in 1ms
202 timing idealTree:node_modules/@testing-library/dom/node_modules/has-flag Completed in 0ms
203 silly placeDep node_modules/@testing-library/jest-dom ansi-styles@4.3.0 OK for: chalk@3.0.0 want: ^4.1.0
204 silly placeDep node_modules/@testing-library/jest-dom supports-color@7.2.0 OK for: chalk@3.0.0 want: ^7.1.0
205 timing idealTree:node_modules/@testing-library/jest-dom/node_modules/chalk Completed in 2ms
206 silly placeDep node_modules/@testing-library/jest-dom color-convert@2.0.1 OK for: ansi-styles@4.3.0 want: ^2.0.1
207 timing idealTree:node_modules/@testing-library/jest-dom/node_modules/ansi-styles Completed in 2ms
208 silly placeDep node_modules/@testing-library/jest-dom color-name@1.1.4 OK for: color-convert@2.0.1 want: ~1.1.4
209 timing idealTree:node_modules/@testing-library/jest-dom/node_modules/color-convert Completed in 1ms
210 timing idealTree:node_modules/@testing-library/jest-dom/node_modules/color-name Completed in 0ms
211 silly placeDep node_modules/@testing-library/jest-dom has-flag@4.0.0 OK for: supports-color@7.2.0 want: ^4.0.0
212 timing idealTree:node_modules/@testing-library/jest-dom/node_modules/supports-color Completed in 0ms
213 timing idealTree:node_modules/@testing-library/jest-dom/node_modules/has-flag Completed in 0ms
214 silly placeDep node_modules/@testing-library/react aria-query@5.1.3 OK for: @testing-library/dom@8.20.1 want: 5.1.3
215 silly placeDep node_modules/@testing-library/react chalk@4.1.2 OK for: @testing-library/dom@8.20.1 want: ^4.1.0
216 timing idealTree:node_modules/@testing-library/react/node_modules/@testing-library/dom Completed in 3ms
217 timing idealTree:node_modules/@testing-library/react/node_modules/aria-query Completed in 0ms
218 silly placeDep node_modules/@testing-library/react ansi-styles@4.3.0 OK for: chalk@4.1.2 want: ^4.1.0
219 silly placeDep node_modules/@testing-library/react supports-color@7.2.0 OK for: chalk@4.1.2 want: ^7.1.0
220 timing idealTree:node_modules/@testing-library/react/node_modules/chalk Completed in 2ms
221 silly placeDep node_modules/@testing-library/react color-convert@2.0.1 OK for: ansi-styles@4.3.0 want: ^2.0.1
222 timing idealTree:node_modules/@testing-library/react/node_modules/ansi-styles Completed in 1ms
223 silly placeDep node_modules/@testing-library/react color-name@1.1.4 OK for: color-convert@2.0.1 want: ~1.1.4
224 timing idealTree:node_modules/@testing-library/react/node_modules/color-convert Completed in 1ms
225 timing idealTree:node_modules/@testing-library/react/node_modules/color-name Completed in 0ms
226 silly placeDep node_modules/@testing-library/react has-flag@4.0.0 OK for: supports-color@7.2.0 want: ^4.0.0
227 timing idealTree:node_modules/@testing-library/react/node_modules/supports-color Completed in 1ms
228 timing idealTree:node_modules/@testing-library/react/node_modules/has-flag Completed in 0ms
229 silly placeDep ROOT @jest/expect-utils@29.7.0 OK for: expect@29.7.0 want: ^29.7.0
230 silly placeDep node_modules/@types/jest jest-get-type@29.6.3 OK for: expect@29.7.0 want: ^29.6.3
231 silly placeDep node_modules/@types/jest jest-matcher-utils@29.7.0 OK for: expect@29.7.0 want: ^29.7.0
232 silly placeDep node_modules/@types/jest jest-message-util@29.7.0 OK for: expect@29.7.0 want: ^29.7.0
233 silly placeDep node_modules/@types/jest jest-util@29.7.0 OK for: expect@29.7.0 want: ^29.7.0
234 silly fetch manifest chalk@^4.0.0
235 silly fetch manifest jest-diff@^29.7.0
236 silly fetch manifest @jest/types@^29.6.3
237 http fetch GET 200 https://registry.npmjs.org/jest-diff 7ms (cache hit)
238 http fetch GET 200 https://registry.npmjs.org/@jest%2ftypes 11ms (cache hit)
239 timing idealTree:node_modules/@types/jest/node_modules/expect Completed in 17ms
240 silly placeDep node_modules/@jest/expect-utils jest-get-type@29.6.3 OK for: @jest/expect-utils@29.7.0 want: ^29.6.3
241 timing idealTree:node_modules/@jest/expect-utils Completed in 0ms
242 timing idealTree:node_modules/@jest/expect-utils/node_modules/jest-get-type Completed in 0ms
243 timing idealTree:node_modules/@types/jest/node_modules/jest-get-type Completed in 0ms
244 silly placeDep node_modules/@types/jest chalk@4.1.2 OK for: jest-matcher-utils@29.7.0 want: ^4.0.0
245 silly placeDep node_modules/@types/jest jest-diff@29.7.0 OK for: jest-matcher-utils@29.7.0 want: ^29.7.0
246 silly fetch manifest diff-sequences@^29.6.3
247 http fetch GET 200 https://registry.npmjs.org/diff-sequences 3ms (cache hit)
248 timing idealTree:node_modules/@types/jest/node_modules/jest-matcher-utils Completed in 8ms
249 silly placeDep node_modules/@types/jest ansi-styles@4.3.0 OK for: chalk@4.1.2 want: ^4.1.0
250 silly placeDep node_modules/@types/jest supports-color@7.2.0 OK for: chalk@4.1.2 want: ^7.1.0
251 timing idealTree:node_modules/@types/jest/node_modules/chalk Completed in 2ms
252 silly placeDep node_modules/@types/jest color-convert@2.0.1 OK for: ansi-styles@4.3.0 want: ^2.0.1
253 timing idealTree:node_modules/@types/jest/node_modules/ansi-styles Completed in 1ms
254 silly placeDep node_modules/@types/jest color-name@1.1.4 OK for: color-convert@2.0.1 want: ~1.1.4
255 timing idealTree:node_modules/@types/jest/node_modules/color-convert Completed in 1ms
256 timing idealTree:node_modules/@types/jest/node_modules/color-name Completed in 0ms
257 silly placeDep node_modules/@types/jest diff-sequences@29.6.3 OK for: jest-diff@29.7.0 want: ^29.6.3
258 timing idealTree:node_modules/@types/jest/node_modules/jest-diff Completed in 1ms
259 timing idealTree:node_modules/@types/jest/node_modules/diff-sequences Completed in 0ms
260 silly placeDep node_modules/@types/jest @jest/types@29.6.3 OK for: jest-message-util@29.7.0 want: ^29.6.3
261 silly fetch manifest @types/yargs@^17.0.8
262 http fetch GET 200 https://registry.npmjs.org/@types%2fyargs 3ms (cache hit)
263 timing idealTree:node_modules/@types/jest/node_modules/jest-message-util Completed in 5ms
264 silly placeDep node_modules/@types/jest @jest/schemas@29.6.3 OK for: @jest/types@29.6.3 want: ^29.6.3
265 silly placeDep node_modules/@types/jest @types/yargs@17.0.32 OK for: @jest/types@29.6.3 want: ^17.0.8
266 silly fetch manifest @sinclair/typebox@^0.27.8
267 http fetch GET 200 https://registry.npmjs.org/@sinclair%2ftypebox 6ms (cache hit)
268 timing idealTree:node_modules/@types/jest/node_modules/@jest/types Completed in 23ms
269 silly placeDep node_modules/@types/jest @sinclair/typebox@0.27.8 OK for: @jest/schemas@29.6.3 want: ^0.27.8
270 timing idealTree:node_modules/@types/jest/node_modules/@jest/schemas Completed in 1ms
271 timing idealTree:node_modules/@types/jest/node_modules/@sinclair/typebox Completed in 0ms
272 timing idealTree:node_modules/@types/jest/node_modules/@types/yargs Completed in 0ms
273 timing idealTree:node_modules/@types/jest/node_modules/jest-util Completed in 0ms
274 silly placeDep node_modules/@types/jest/node_modules/pretty-format ansi-styles@5.2.0 OK for: pretty-format@29.7.0 want: ^5.0.0
275 silly placeDep node_modules/@types/jest react-is@18.2.0 OK for: pretty-format@29.7.0 want: ^18.0.0
276 timing idealTree:node_modules/@types/jest/node_modules/pretty-format Completed in 1ms
277 timing idealTree:node_modules/@types/jest/node_modules/react-is Completed in 0ms
278 silly placeDep node_modules/@types/jest has-flag@4.0.0 OK for: supports-color@7.2.0 want: ^4.0.0
279 timing idealTree:node_modules/@types/jest/node_modules/supports-color Completed in 1ms
280 timing idealTree:node_modules/@types/jest/node_modules/has-flag Completed in 0ms
281 timing idealTree:node_modules/@types/jest/node_modules/pretty-format/node_modules/ansi-styles Completed in 0ms
282 timing idealTree:buildDeps Completed in 4333ms
283 timing idealTree:fixDepFlags Completed in 16ms
284 timing idealTree Completed in 4709ms
285 timing reify:loadTrees Completed in 4711ms
286 timing reify:diffTrees Completed in 12ms
287 silly reify mark retired [
287 silly reify   '/home/poojasharma/react-docker-poc/node_modules/typescript',
287 silly reify   '/home/poojasharma/react-docker-poc/node_modules/.bin/tsc',
287 silly reify   '/home/poojasharma/react-docker-poc/node_modules/.bin/tsserver'
287 silly reify ]
288 silly reify moves {
288 silly reify   '/home/poojasharma/react-docker-poc/node_modules/typescript': '/home/poojasharma/react-docker-poc/node_modules/.typescript-lu4SRBPn',
288 silly reify   '/home/poojasharma/react-docker-poc/node_modules/.bin/tsc': '/home/poojasharma/react-docker-poc/node_modules/.bin/.tsc-yaWNNHcw',
288 silly reify   '/home/poojasharma/react-docker-poc/node_modules/.bin/tsserver': '/home/poojasharma/react-docker-poc/node_modules/.bin/.tsserver-QAuYVvV4'
288 silly reify }
289 timing reify:retireShallow Completed in 3ms
290 timing reify:createSparse Completed in 7ms
291 timing reify:loadBundles Completed in 0ms
292 verbose reify failed optional dependency /home/poojasharma/react-docker-poc/node_modules/fsevents
293 silly reify mark deleted [ '/home/poojasharma/react-docker-poc/node_modules/fsevents' ]
294 timing reifyNode:node_modules/fsevents Completed in 4ms
295 silly tarball no local data for @jest/expect-utils@https://registry.npmjs.org/@jest/expect-utils/-/expect-utils-29.7.0.tgz. Extracting by manifest.
296 silly tarball no local data for stop-iteration-iterator@https://registry.npmjs.org/stop-iteration-iterator/-/stop-iteration-iterator-1.0.0.tgz. Extracting by manifest.
297 silly tarball no local data for object-is@https://registry.npmjs.org/object-is/-/object-is-1.1.6.tgz. Extracting by manifest.
298 silly tarball no local data for is-arguments@https://registry.npmjs.org/is-arguments/-/is-arguments-1.1.1.tgz. Extracting by manifest.
299 silly tarball no local data for es-get-iterator@https://registry.npmjs.org/es-get-iterator/-/es-get-iterator-1.1.3.tgz. Extracting by manifest.
300 silly tarball no local data for deep-equal@https://registry.npmjs.org/deep-equal/-/deep-equal-2.2.3.tgz. Extracting by manifest.
301 silly tarball no local data for min-indent@https://registry.npmjs.org/min-indent/-/min-indent-1.0.1.tgz. Extracting by manifest.
302 silly tarball no local data for strip-indent@https://registry.npmjs.org/strip-indent/-/strip-indent-3.0.0.tgz. Extracting by manifest.
303 silly tarball no local data for indent-string@https://registry.npmjs.org/indent-string/-/indent-string-4.0.0.tgz. Extracting by manifest.
304 silly tarball no local data for @types/jest@https://registry.npmjs.org/@types/jest/-/jest-29.5.12.tgz. Extracting by manifest.
305 silly tarball no local data for csstype@https://registry.npmjs.org/csstype/-/csstype-3.1.3.tgz. Extracting by manifest.
306 silly tarball no local data for @types/prop-types@https://registry.npmjs.org/@types/prop-types/-/prop-types-15.7.12.tgz. Extracting by manifest.
307 silly tarball no local data for @types/react@https://registry.npmjs.org/@types/react/-/react-18.2.72.tgz. Extracting by manifest.
308 silly tarball no local data for @types/react-dom@https://registry.npmjs.org/@types/react-dom/-/react-dom-18.2.22.tgz. Extracting by manifest.
309 silly tarball no local data for redent@https://registry.npmjs.org/redent/-/redent-3.0.0.tgz. Extracting by manifest.
310 silly tarball no local data for css.escape@https://registry.npmjs.org/css.escape/-/css.escape-1.5.1.tgz. Extracting by manifest.
311 silly tarball no local data for @types/testing-library__jest-dom@https://registry.npmjs.org/@types/testing-library__jest-dom/-/testing-library__jest-dom-5.14.9.tgz. Extracting by manifest.
312 silly tarball no local data for @adobe/css-tools@https://registry.npmjs.org/@adobe/css-tools/-/css-tools-4.3.3.tgz. Extracting by manifest.
313 silly tarball no local data for lz-string@https://registry.npmjs.org/lz-string/-/lz-string-1.5.0.tgz. Extracting by manifest.
314 silly tarball no local data for dom-accessibility-api@https://registry.npmjs.org/dom-accessibility-api/-/dom-accessibility-api-0.5.16.tgz. Extracting by manifest.
315 silly tarball no local data for @types/aria-query@https://registry.npmjs.org/@types/aria-query/-/aria-query-5.0.4.tgz. Extracting by manifest.
316 silly tarball no local data for web-vitals@https://registry.npmjs.org/web-vitals/-/web-vitals-2.1.4.tgz. Extracting by manifest.
317 silly tarball no local data for @testing-library/dom@https://registry.npmjs.org/@testing-library/dom/-/dom-9.3.4.tgz. Extracting by manifest.
318 silly tarball no local data for @testing-library/user-event@https://registry.npmjs.org/@testing-library/user-event/-/user-event-13.5.0.tgz. Extracting by manifest.
319 silly tarball no local data for @testing-library/react@https://registry.npmjs.org/@testing-library/react/-/react-13.4.0.tgz. Extracting by manifest.
320 silly tarball no local data for @testing-library/jest-dom@https://registry.npmjs.org/@testing-library/jest-dom/-/jest-dom-5.17.0.tgz. Extracting by manifest.
321 silly tarball no local data for typescript@https://registry.npmjs.org/typescript/-/typescript-4.9.5.tgz. Extracting by manifest.
322 silly tarball no local data for jest-get-type@https://registry.npmjs.org/jest-get-type/-/jest-get-type-29.6.3.tgz. Extracting by manifest.
323 silly tarball no local data for @sinclair/typebox@https://registry.npmjs.org/@sinclair/typebox/-/typebox-0.27.8.tgz. Extracting by manifest.
324 silly tarball no local data for @jest/schemas@https://registry.npmjs.org/@jest/schemas/-/schemas-29.6.3.tgz. Extracting by manifest.
325 silly tarball no local data for @jest/types@https://registry.npmjs.org/@jest/types/-/types-29.6.3.tgz. Extracting by manifest.
326 silly tarball no local data for diff-sequences@https://registry.npmjs.org/diff-sequences/-/diff-sequences-29.6.3.tgz. Extracting by manifest.
327 silly tarball no local data for jest-diff@https://registry.npmjs.org/jest-diff/-/jest-diff-29.7.0.tgz. Extracting by manifest.
328 silly tarball no local data for jest-util@https://registry.npmjs.org/jest-util/-/jest-util-29.7.0.tgz. Extracting by manifest.
329 silly tarball no local data for jest-message-util@https://registry.npmjs.org/jest-message-util/-/jest-message-util-29.7.0.tgz. Extracting by manifest.
330 silly tarball no local data for jest-matcher-utils@https://registry.npmjs.org/jest-matcher-utils/-/jest-matcher-utils-29.7.0.tgz. Extracting by manifest.
331 silly tarball no local data for jest-get-type@https://registry.npmjs.org/jest-get-type/-/jest-get-type-29.6.3.tgz. Extracting by manifest.
332 silly tarball no local data for pretty-format@https://registry.npmjs.org/pretty-format/-/pretty-format-29.7.0.tgz. Extracting by manifest.
333 silly tarball no local data for expect@https://registry.npmjs.org/expect/-/expect-29.7.0.tgz. Extracting by manifest.
334 silly tarball no local data for aria-query@https://registry.npmjs.org/aria-query/-/aria-query-5.1.3.tgz. Extracting by manifest.
335 silly tarball no local data for aria-query@https://registry.npmjs.org/aria-query/-/aria-query-5.1.3.tgz. Extracting by manifest.
336 silly tarball no local data for @testing-library/dom@https://registry.npmjs.org/@testing-library/dom/-/dom-8.20.1.tgz. Extracting by manifest.
337 silly tarball no local data for chalk@https://registry.npmjs.org/chalk/-/chalk-3.0.0.tgz. Extracting by manifest.
338 timing reifyNode:node_modules/@types/jest/node_modules/color-name Completed in 190ms
339 timing reifyNode:node_modules/@testing-library/dom/node_modules/color-name Completed in 190ms
340 timing reifyNode:node_modules/@testing-library/react/node_modules/color-name Completed in 190ms
341 timing reifyNode:node_modules/@testing-library/jest-dom/node_modules/color-name Completed in 190ms
342 timing reifyNode:node_modules/@types/jest/node_modules/has-flag Completed in 193ms
343 timing reifyNode:node_modules/@types/jest/node_modules/supports-color Completed in 193ms
344 timing reifyNode:node_modules/@testing-library/dom/node_modules/has-flag Completed in 193ms
345 timing reifyNode:node_modules/@testing-library/dom/node_modules/supports-color Completed in 193ms
346 timing reifyNode:node_modules/@testing-library/react/node_modules/has-flag Completed in 193ms
347 timing reifyNode:node_modules/@testing-library/react/node_modules/supports-color Completed in 193ms
348 timing reifyNode:node_modules/@testing-library/jest-dom/node_modules/has-flag Completed in 193ms
349 timing reifyNode:node_modules/@testing-library/jest-dom/node_modules/supports-color Completed in 193ms
350 timing reifyNode:node_modules/@types/jest/node_modules/ansi-styles Completed in 196ms
351 timing reifyNode:node_modules/@types/jest/node_modules/pretty-format/node_modules/ansi-styles Completed in 196ms
352 timing reifyNode:node_modules/@testing-library/dom/node_modules/ansi-styles Completed in 196ms
353 timing reifyNode:node_modules/@testing-library/react/node_modules/ansi-styles Completed in 196ms
354 timing reifyNode:node_modules/@testing-library/jest-dom/node_modules/ansi-styles Completed in 196ms
355 timing reifyNode:node_modules/@types/jest/node_modules/color-convert Completed in 220ms
356 timing reifyNode:node_modules/@testing-library/dom/node_modules/color-convert Completed in 221ms
357 timing reifyNode:node_modules/@testing-library/react/node_modules/color-convert Completed in 220ms
358 timing reifyNode:node_modules/@testing-library/jest-dom/node_modules/color-convert Completed in 220ms
359 timing reifyNode:node_modules/@types/jest/node_modules/chalk Completed in 227ms
360 timing reifyNode:node_modules/@testing-library/dom/node_modules/chalk Completed in 226ms
361 timing reifyNode:node_modules/@testing-library/react/node_modules/chalk Completed in 226ms
362 http fetch GET 200 https://registry.npmjs.org/indent-string/-/indent-string-4.0.0.tgz 210ms (cache miss)
363 timing reifyNode:node_modules/indent-string Completed in 227ms
364 timing reifyNode:node_modules/@types/jest/node_modules/@types/yargs Completed in 228ms
365 timing reifyNode:node_modules/@types/jest/node_modules/react-is Completed in 228ms
366 http fetch GET 200 https://registry.npmjs.org/min-indent/-/min-indent-1.0.1.tgz 212ms (cache miss)
367 timing reifyNode:node_modules/min-indent Completed in 228ms
368 http fetch GET 200 https://registry.npmjs.org/strip-indent/-/strip-indent-3.0.0.tgz 213ms (cache miss)
369 timing reifyNode:node_modules/strip-indent Completed in 229ms
370 http fetch GET 200 https://registry.npmjs.org/is-arguments/-/is-arguments-1.1.1.tgz 217ms (cache miss)
371 http fetch GET 200 https://registry.npmjs.org/@jest/expect-utils/-/expect-utils-29.7.0.tgz 221ms (cache miss)
372 http fetch GET 200 https://registry.npmjs.org/stop-iteration-iterator/-/stop-iteration-iterator-1.0.0.tgz 220ms (cache miss)
373 timing reifyNode:node_modules/is-arguments Completed in 235ms
374 timing reifyNode:node_modules/@jest/expect-utils Completed in 235ms
375 timing reifyNode:node_modules/stop-iteration-iterator Completed in 235ms
376 http fetch GET 200 https://registry.npmjs.org/object-is/-/object-is-1.1.6.tgz 226ms (cache miss)
377 timing reifyNode:node_modules/object-is Completed in 249ms
378 http fetch GET 200 https://registry.npmjs.org/deep-equal/-/deep-equal-2.2.3.tgz 233ms (cache miss)
379 timing reifyNode:node_modules/deep-equal Completed in 250ms
380 http fetch GET 200 https://registry.npmjs.org/es-get-iterator/-/es-get-iterator-1.1.3.tgz 235ms (cache miss)
381 timing reifyNode:node_modules/es-get-iterator Completed in 251ms
382 http fetch GET 200 https://registry.npmjs.org/redent/-/redent-3.0.0.tgz 254ms (cache miss)
383 timing reifyNode:node_modules/redent Completed in 276ms
384 http fetch GET 200 https://registry.npmjs.org/jest-get-type/-/jest-get-type-29.6.3.tgz 303ms (cache miss)
385 timing reifyNode:node_modules/@jest/expect-utils/node_modules/jest-get-type Completed in 329ms
386 http fetch GET 200 https://registry.npmjs.org/css.escape/-/css.escape-1.5.1.tgz 336ms (cache miss)
387 timing reifyNode:node_modules/css.escape Completed in 358ms
388 http fetch GET 200 https://registry.npmjs.org/@types/prop-types/-/prop-types-15.7.12.tgz 339ms (cache miss)
389 timing reifyNode:node_modules/@types/prop-types Completed in 359ms
390 http fetch GET 200 https://registry.npmjs.org/expect/-/expect-29.7.0.tgz 328ms (cache miss)
391 timing reifyNode:node_modules/@types/jest/node_modules/expect Completed in 359ms
392 http fetch GET 200 https://registry.npmjs.org/jest-get-type/-/jest-get-type-29.6.3.tgz 331ms (cache miss)
393 timing reifyNode:node_modules/@types/jest/node_modules/jest-get-type Completed in 363ms
394 http fetch GET 200 https://registry.npmjs.org/@jest/schemas/-/schemas-29.6.3.tgz 415ms (cache miss)
395 timing reifyNode:node_modules/@types/jest/node_modules/@jest/schemas Completed in 442ms
396 http fetch GET 200 https://registry.npmjs.org/jest-message-util/-/jest-message-util-29.7.0.tgz 413ms (cache miss)
397 timing reifyNode:node_modules/@types/jest/node_modules/jest-message-util Completed in 443ms
398 http fetch GET 200 https://registry.npmjs.org/chalk/-/chalk-3.0.0.tgz 410ms (cache miss)
399 timing reifyNode:node_modules/@testing-library/jest-dom/node_modules/chalk Completed in 442ms
400 http fetch GET 200 https://registry.npmjs.org/@types/aria-query/-/aria-query-5.0.4.tgz 422ms (cache miss)
401 timing reifyNode:node_modules/@types/aria-query Completed in 446ms
402 http fetch GET 200 https://registry.npmjs.org/lz-string/-/lz-string-1.5.0.tgz 424ms (cache miss)
403 timing reifyNode:node_modules/lz-string Completed in 447ms
404 http fetch GET 200 https://registry.npmjs.org/@types/testing-library__jest-dom/-/testing-library__jest-dom-5.14.9.tgz 424ms (cache miss)
405 timing reifyNode:node_modules/@types/testing-library__jest-dom Completed in 447ms
406 http fetch GET 200 https://registry.npmjs.org/@types/jest/-/jest-29.5.12.tgz 431ms (cache miss)
407 timing reifyNode:node_modules/@types/jest Completed in 450ms
408 http fetch GET 200 https://registry.npmjs.org/diff-sequences/-/diff-sequences-29.6.3.tgz 425ms (cache miss)
409 timing reifyNode:node_modules/@types/jest/node_modules/diff-sequences Completed in 453ms
410 http fetch GET 200 https://registry.npmjs.org/jest-matcher-utils/-/jest-matcher-utils-29.7.0.tgz 429ms (cache miss)
411 timing reifyNode:node_modules/@types/jest/node_modules/jest-matcher-utils Completed in 459ms
412 http fetch GET 200 https://registry.npmjs.org/pretty-format/-/pretty-format-29.7.0.tgz 435ms (cache miss)
413 timing reifyNode:node_modules/@types/jest/node_modules/pretty-format Completed in 466ms
414 http fetch GET 200 https://registry.npmjs.org/@types/react-dom/-/react-dom-18.2.22.tgz 451ms (cache miss)
415 timing reifyNode:node_modules/@types/react-dom Completed in 472ms
416 http fetch GET 200 https://registry.npmjs.org/@jest/types/-/types-29.6.3.tgz 444ms (cache miss)
417 timing reifyNode:node_modules/@types/jest/node_modules/@jest/types Completed in 472ms
418 http fetch GET 200 https://registry.npmjs.org/jest-diff/-/jest-diff-29.7.0.tgz 445ms (cache miss)
419 timing reifyNode:node_modules/@types/jest/node_modules/jest-diff Completed in 474ms
420 http fetch GET 200 https://registry.npmjs.org/@testing-library/jest-dom/-/jest-dom-5.17.0.tgz 448ms (cache miss)
421 timing reifyNode:node_modules/@testing-library/jest-dom Completed in 474ms
422 http fetch GET 200 https://registry.npmjs.org/dom-accessibility-api/-/dom-accessibility-api-0.5.16.tgz 469ms (cache miss)
423 timing reifyNode:node_modules/dom-accessibility-api Completed in 494ms
424 http fetch GET 200 https://registry.npmjs.org/web-vitals/-/web-vitals-2.1.4.tgz 483ms (cache miss)
425 timing reifyNode:node_modules/web-vitals Completed in 507ms
426 http fetch GET 200 https://registry.npmjs.org/jest-util/-/jest-util-29.7.0.tgz 482ms (cache miss)
427 timing reifyNode:node_modules/@types/jest/node_modules/jest-util Completed in 511ms
428 http fetch GET 200 https://registry.npmjs.org/aria-query/-/aria-query-5.1.3.tgz 509ms (cache miss)
429 timing reifyNode:node_modules/@testing-library/react/node_modules/aria-query Completed in 540ms
430 http fetch GET 200 https://registry.npmjs.org/aria-query/-/aria-query-5.1.3.tgz 510ms (cache miss)
431 timing reifyNode:node_modules/@testing-library/dom/node_modules/aria-query Completed in 541ms
432 http fetch GET 200 https://registry.npmjs.org/@types/react/-/react-18.2.72.tgz 554ms (cache miss)
433 timing reifyNode:node_modules/@types/react Completed in 575ms
434 http fetch GET 200 https://registry.npmjs.org/csstype/-/csstype-3.1.3.tgz 563ms (cache miss)
435 timing reifyNode:node_modules/csstype Completed in 583ms
436 http fetch GET 200 https://registry.npmjs.org/@sinclair/typebox/-/typebox-0.27.8.tgz 562ms (cache miss)
437 timing reifyNode:node_modules/@types/jest/node_modules/@sinclair/typebox Completed in 589ms
438 http fetch GET 200 https://registry.npmjs.org/@testing-library/user-event/-/user-event-13.5.0.tgz 568ms (cache miss)
439 timing reifyNode:node_modules/@testing-library/user-event Completed in 592ms
440 http fetch GET 200 https://registry.npmjs.org/@adobe/css-tools/-/css-tools-4.3.3.tgz 595ms (cache miss)
441 timing reifyNode:node_modules/@adobe/css-tools Completed in 618ms
442 http fetch GET 200 https://registry.npmjs.org/@testing-library/dom/-/dom-9.3.4.tgz 793ms (cache miss)
443 timing reifyNode:node_modules/@testing-library/dom Completed in 818ms
444 http fetch GET 200 https://registry.npmjs.org/@testing-library/dom/-/dom-8.20.1.tgz 849ms (cache miss)
445 timing reifyNode:node_modules/@testing-library/react/node_modules/@testing-library/dom Completed in 882ms
446 http fetch GET 200 https://registry.npmjs.org/@testing-library/react/-/react-13.4.0.tgz 942ms (cache miss)
447 timing reifyNode:node_modules/@testing-library/react Completed in 966ms
448 http fetch GET 200 https://registry.npmjs.org/typescript/-/typescript-4.9.5.tgz 2638ms (cache miss)
449 timing reifyNode:node_modules/typescript Completed in 2663ms
450 timing reify:unpack Completed in 2665ms
451 timing reify:unretire Completed in 0ms
452 timing build:queue Completed in 3ms
453 timing build:link:node_modules/lz-string Completed in 2ms
454 timing build:link:node_modules/typescript Completed in 1ms
455 timing build:link Completed in 2ms
456 timing build:deps Completed in 5ms
457 timing build Completed in 5ms
458 timing reify:build Completed in 6ms
459 timing reify:trash Completed in 7ms
460 timing reify:save Completed in 205ms
461 timing reify Completed in 7747ms
462 silly ADD node_modules/@jest/expect-utils
463 silly ADD node_modules/@jest/expect-utils/node_modules/jest-get-type
464 silly ADD node_modules/stop-iteration-iterator
465 silly ADD node_modules/object-is
466 silly ADD node_modules/is-arguments
467 silly ADD node_modules/es-get-iterator
468 silly ADD node_modules/deep-equal
469 silly ADD node_modules/min-indent
470 silly ADD node_modules/strip-indent
471 silly ADD node_modules/indent-string
472 silly ADD node_modules/@types/jest
473 silly ADD node_modules/@types/jest/node_modules/has-flag
474 silly ADD node_modules/@types/jest/node_modules/react-is
475 silly ADD node_modules/@types/jest/node_modules/@sinclair/typebox
476 silly ADD node_modules/@types/jest/node_modules/@types/yargs
477 silly ADD node_modules/@types/jest/node_modules/@jest/schemas
478 silly ADD node_modules/@types/jest/node_modules/@jest/types
479 silly ADD node_modules/@types/jest/node_modules/diff-sequences
480 silly ADD node_modules/@types/jest/node_modules/color-name
481 silly ADD node_modules/@types/jest/node_modules/color-convert
482 silly ADD node_modules/@types/jest/node_modules/supports-color
483 silly ADD node_modules/@types/jest/node_modules/ansi-styles
484 silly ADD node_modules/@types/jest/node_modules/jest-diff
485 silly ADD node_modules/@types/jest/node_modules/chalk
486 silly ADD node_modules/@types/jest/node_modules/jest-util
487 silly ADD node_modules/@types/jest/node_modules/jest-message-util
488 silly ADD node_modules/@types/jest/node_modules/jest-matcher-utils
489 silly ADD node_modules/@types/jest/node_modules/jest-get-type
490 silly ADD node_modules/@types/jest/node_modules/pretty-format
491 silly ADD node_modules/@types/jest/node_modules/pretty-format/node_modules/ansi-styles
492 silly ADD node_modules/@types/jest/node_modules/expect
493 silly ADD node_modules/csstype
494 silly ADD node_modules/@types/prop-types
495 silly ADD node_modules/@types/react
496 silly ADD node_modules/@types/react-dom
497 silly ADD node_modules/redent
498 silly ADD node_modules/css.escape
499 silly ADD node_modules/@types/testing-library__jest-dom
500 silly ADD node_modules/@adobe/css-tools
501 silly ADD node_modules/lz-string
502 silly ADD node_modules/dom-accessibility-api
503 silly ADD node_modules/@types/aria-query
504 silly ADD node_modules/web-vitals
505 silly ADD node_modules/@testing-library/dom
506 silly ADD node_modules/@testing-library/dom/node_modules/has-flag
507 silly ADD node_modules/@testing-library/dom/node_modules/color-name
508 silly ADD node_modules/@testing-library/dom/node_modules/color-convert
509 silly ADD node_modules/@testing-library/dom/node_modules/supports-color
510 silly ADD node_modules/@testing-library/dom/node_modules/ansi-styles
511 silly ADD node_modules/@testing-library/dom/node_modules/chalk
512 silly ADD node_modules/@testing-library/dom/node_modules/aria-query
513 silly ADD node_modules/@testing-library/user-event
514 silly ADD node_modules/@testing-library/react
515 silly ADD node_modules/@testing-library/react/node_modules/has-flag
516 silly ADD node_modules/@testing-library/react/node_modules/color-name
517 silly ADD node_modules/@testing-library/react/node_modules/color-convert
518 silly ADD node_modules/@testing-library/react/node_modules/supports-color
519 silly ADD node_modules/@testing-library/react/node_modules/ansi-styles
520 silly ADD node_modules/@testing-library/react/node_modules/chalk
521 silly ADD node_modules/@testing-library/react/node_modules/aria-query
522 silly ADD node_modules/@testing-library/react/node_modules/@testing-library/dom
523 silly ADD node_modules/@testing-library/jest-dom
524 silly ADD node_modules/@testing-library/jest-dom/node_modules/has-flag
525 silly ADD node_modules/@testing-library/jest-dom/node_modules/color-name
526 silly ADD node_modules/@testing-library/jest-dom/node_modules/color-convert
527 silly ADD node_modules/@testing-library/jest-dom/node_modules/supports-color
528 silly ADD node_modules/@testing-library/jest-dom/node_modules/ansi-styles
529 silly ADD node_modules/@testing-library/jest-dom/node_modules/chalk
530 silly ADD
531 silly CHANGE node_modules/typescript
532 timing command:install Completed in 7754ms
533 verbose exit 0
534 timing npm Completed in 7847ms
535 info ok
